# JRE version: OpenJDK Runtime Environment (21.0.2+13) (build 21.0.2+13-58)
# Java VM: OpenJDK 64-Bit Server VM (21.0.2+13-58, mixed mode, sharing, tiered, compressed oops, compressed class ptrs, g1 gc, bsd-aarch64)
GC Precious Log:
 CardTable entry size: 512
 Card Set container configuration: InlinePtr #cards 5 size 8 Array Of Cards #cards 12 size 40 Howl #buckets 4 coarsen threshold 1843 Howl Bitmap #cards 512 size 80 coarsen threshold 460 Card regions per heap region 1 cards per card region 2048
 CPUs: 8 total, 8 available
 Memory: 16384M
 Large Page Support: Disabled
 NUMA Support: Disabled
 Compressed Oops: Enabled (Zero based)
 Heap Region Size: 1M
 Heap Min Capacity: 8M
 Heap Initial Capacity: 256M
 Heap Max Capacity: 2G
 Pre-touch: Disabled
 Parallel Workers: 8
 Concurrent Workers: 2
 Concurrent Refinement Workers: 8
 Periodic GC: Disabled
Heap:
 garbage-first heap   total 168960K, used 107485K [0x0000000780000000, 0x0000000800000000)
  region size 1024K, 6 young (6144K), 4 survivors (4096K)
 Metaspace       used 65255K, committed 67200K, reserved 1114112K
  class space    used 9139K, committed 10112K, reserved 1048576K
GC Heap History (20 events):
Event: 1.543 GC heap after
{Heap after GC invocations=7 (full 0):
 garbage-first heap   total 107520K, used 58376K [0x0000000780000000, 0x0000000800000000)
  region size 1024K, 5 young (5120K), 5 survivors (5120K)
 Metaspace       used 34195K, committed 35456K, reserved 1114112K
  class space    used 4947K, committed 5568K, reserved 1048576K
}
Event: 1.714 GC heap before
{Heap before GC invocations=8 (full 0):
 garbage-first heap   total 107520K, used 97288K [0x0000000780000000, 0x0000000800000000)
  region size 1024K, 38 young (38912K), 5 survivors (5120K)
 Metaspace       used 38557K, committed 40000K, reserved 1114112K
  class space    used 5515K, committed 6272K, reserved 1048576K
}
Event: 1.717 GC heap after
{Heap after GC invocations=9 (full 0):
 garbage-first heap   total 129024K, used 61375K [0x0000000780000000, 0x0000000800000000)
  region size 1024K, 3 young (3072K), 3 survivors (3072K)
 Metaspace       used 38557K, committed 40000K, reserved 1114112K
  class space    used 5515K, committed 6272K, reserved 1048576K
}
Event: 1.913 GC heap before
{Heap before GC invocations=9 (full 0):
 garbage-first heap   total 129024K, used 110527K [0x0000000780000000, 0x0000000800000000)
  region size 1024K, 51 young (52224K), 3 survivors (3072K)
 Metaspace       used 41693K, committed 43136K, reserved 1114112K
  class space    used 6011K, committed 6720K, reserved 1048576K
}
Event: 1.915 GC heap after
{Heap after GC invocations=10 (full 0):
 garbage-first heap   total 129024K, used 64164K [0x0000000780000000, 0x0000000800000000)
  region size 1024K, 6 young (6144K), 6 survivors (6144K)
 Metaspace       used 41693K, committed 43136K, reserved 1114112K
  class space    used 6011K, committed 6720K, reserved 1048576K
}
Event: 1.992 GC heap before
{Heap before GC invocations=10 (full 0):
 garbage-first heap   total 129024K, used 112292K [0x0000000780000000, 0x0000000800000000)
  region size 1024K, 53 young (54272K), 6 survivors (6144K)
 Metaspace       used 41713K, committed 43136K, reserved 1114112K
  class space    used 6011K, committed 6720K, reserved 1048576K
}
Event: 1.996 GC heap after
{Heap after GC invocations=11 (full 0):
 garbage-first heap   total 129024K, used 65357K [0x0000000780000000, 0x0000000800000000)
  region size 1024K, 4 young (4096K), 4 survivors (4096K)
 Metaspace       used 41713K, committed 43136K, reserved 1114112K
  class space    used 6011K, committed 6720K, reserved 1048576K
}
Event: 2.212 GC heap before
{Heap before GC invocations=12 (full 0):
 garbage-first heap   total 129024K, used 114509K [0x0000000780000000, 0x0000000800000000)
  region size 1024K, 53 young (54272K), 4 survivors (4096K)
 Metaspace       used 44562K, committed 45952K, reserved 1114112K
  class space    used 6335K, committed 7040K, reserved 1048576K
}
Event: 2.214 GC heap after
{Heap after GC invocations=13 (full 0):
 garbage-first heap   total 129024K, used 67645K [0x0000000780000000, 0x0000000800000000)
  region size 1024K, 6 young (6144K), 6 survivors (6144K)
 Metaspace       used 44562K, committed 45952K, reserved 1114112K
  class space    used 6335K, committed 7040K, reserved 1048576K
}
Event: 2.366 GC heap before
{Heap before GC invocations=13 (full 0):
 garbage-first heap   total 129024K, used 119869K [0x0000000780000000, 0x0000000800000000)
  region size 1024K, 52 young (53248K), 6 survivors (6144K)
 Metaspace       used 46424K, committed 47872K, reserved 1114112K
  class space    used 6459K, committed 7168K, reserved 1048576K
}
Event: 2.370 GC heap after
{Heap after GC invocations=14 (full 0):
 garbage-first heap   total 156672K, used 71819K [0x0000000780000000, 0x0000000800000000)
  region size 1024K, 6 young (6144K), 6 survivors (6144K)
 Metaspace       used 46424K, committed 47872K, reserved 1114112K
  class space    used 6459K, committed 7168K, reserved 1048576K
}
Event: 2.737 GC heap before
{Heap before GC invocations=14 (full 0):
 garbage-first heap   total 156672K, used 140427K [0x0000000780000000, 0x0000000800000000)
  region size 1024K, 73 young (74752K), 6 survivors (6144K)
 Metaspace       used 53071K, committed 54784K, reserved 1114112K
  class space    used 7601K, committed 8448K, reserved 1048576K
}
Event: 2.742 GC heap after
{Heap after GC invocations=15 (full 0):
 garbage-first heap   total 156672K, used 77282K [0x0000000780000000, 0x0000000800000000)
  region size 1024K, 10 young (10240K), 10 survivors (10240K)
 Metaspace       used 53071K, committed 54784K, reserved 1114112K
  class space    used 7601K, committed 8448K, reserved 1048576K
}
Event: 2.949 GC heap before
{Heap before GC invocations=15 (full 0):
 garbage-first heap   total 156672K, used 110050K [0x0000000780000000, 0x0000000800000000)
  region size 1024K, 44 young (45056K), 10 survivors (10240K)
 Metaspace       used 54734K, committed 56448K, reserved 1114112K
  class space    used 7797K, committed 8640K, reserved 1048576K
}
Event: 2.953 GC heap after
{Heap after GC invocations=16 (full 0):
 garbage-first heap   total 156672K, used 80900K [0x0000000780000000, 0x0000000800000000)
  region size 1024K, 4 young (4096K), 4 survivors (4096K)
 Metaspace       used 54734K, committed 56448K, reserved 1114112K
  class space    used 7797K, committed 8640K, reserved 1048576K
}
Event: 3.305 GC heap before
{Heap before GC invocations=17 (full 0):
 garbage-first heap   total 156672K, used 154628K [0x0000000780000000, 0x0000000800000000)
  region size 1024K, 63 young (64512K), 4 survivors (4096K)
 Metaspace       used 59405K, committed 61248K, reserved 1114112K
  class space    used 8395K, committed 9280K, reserved 1048576K
}
Event: 3.308 GC heap after
{Heap after GC invocations=18 (full 0):
 garbage-first heap   total 168960K, used 103060K [0x0000000780000000, 0x0000000800000000)
  region size 1024K, 8 young (8192K), 8 survivors (8192K)
 Metaspace       used 59405K, committed 61248K, reserved 1114112K
  class space    used 8395K, committed 9280K, reserved 1048576K
}
Event: 3.572 GC heap before
{Heap before GC invocations=18 (full 0):
 garbage-first heap   total 168960K, used 151188K [0x0000000780000000, 0x0000000800000000)
  region size 1024K, 55 young (56320K), 8 survivors (8192K)
 Metaspace       used 65210K, committed 67072K, reserved 1114112K
  class space    used 9133K, committed 10048K, reserved 1048576K
}
Event: 3.575 GC heap after
{Heap after GC invocations=19 (full 0):
 garbage-first heap   total 168960K, used 106252K [0x0000000780000000, 0x0000000800000000)
  region size 1024K, 4 young (4096K), 4 survivors (4096K)
 Metaspace       used 65210K, committed 67072K, reserved 1114112K
  class space    used 9133K, committed 10048K, reserved 1048576K
}
Event: 3.630 GC heap before
{Heap before GC invocations=19 (full 0):
 garbage-first heap   total 168960K, used 107276K [0x0000000780000000, 0x0000000800000000)
  region size 1024K, 6 young (6144K), 4 survivors (4096K)
 Metaspace       used 65255K, committed 67200K, reserved 1114112K
  class space    used 9139K, committed 10112K, reserved 1048576K
}

