# JRE version: OpenJDK Runtime Environment (17.0.7) (build 17.0.7+0-17.0.7b1000.6-10550314)
# Java VM: OpenJDK 64-Bit Server VM (17.0.7+0-17.0.7b1000.6-10550314, mixed mode, tiered, compressed oops, compressed class ptrs, g1 gc, bsd-aarch64)
GC Precious Log:
 CPUs: 8 total, 8 available
 Memory: 16384M
 Large Page Support: Disabled
 NUMA Support: Disabled
 Compressed Oops: Enabled (Zero based)
 Heap Region Size: 1M
 Heap Min Capacity: 8M
 Heap Initial Capacity: 256M
 Heap Max Capacity: 2G
 Pre-touch: Disabled
 Parallel Workers: 8
 Concurrent Workers: 2
 Concurrent Refinement Workers: 8
 Periodic GC: Disabled
Heap:
 garbage-first heap   total 258048K, used 159360K [0x0000000780000000, 0x0000000800000000)
  region size 1024K, 48 young (49152K), 11 survivors (11264K)
 Metaspace       used 103067K, committed 103808K, reserved 1179648K
  class space    used 14531K, committed 14912K, reserved 1048576K
GC Heap History (20 events):
Event: 3.831 GC heap before
{Heap before GC invocations=21 (full 0):
 garbage-first heap   total 210944K, used 71312K [0x0000000780000000, 0x0000000800000000)
  region size 1024K, 10 young (10240K), 5 survivors (5120K)
 Metaspace       used 65161K, committed 65792K, reserved 1114112K
  class space    used 9092K, committed 9408K, reserved 1048576K
}
Event: 3.833 GC heap after
{Heap after GC invocations=22 (full 0):
 garbage-first heap   total 210944K, used 67048K [0x0000000780000000, 0x0000000800000000)
  region size 1024K, 1 young (1024K), 1 survivors (1024K)
 Metaspace       used 65161K, committed 65792K, reserved 1114112K
  class space    used 9092K, committed 9408K, reserved 1048576K
}
Event: 4.474 GC heap before
{Heap before GC invocations=22 (full 0):
 garbage-first heap   total 210944K, used 144872K [0x0000000780000000, 0x0000000800000000)
  region size 1024K, 73 young (74752K), 1 survivors (1024K)
 Metaspace       used 72584K, committed 73216K, reserved 1114112K
  class space    used 10120K, committed 10432K, reserved 1048576K
}
Event: 4.477 GC heap after
{Heap after GC invocations=23 (full 0):
 garbage-first heap   total 210944K, used 75255K [0x0000000780000000, 0x0000000800000000)
  region size 1024K, 5 young (5120K), 5 survivors (5120K)
 Metaspace       used 72584K, committed 73216K, reserved 1114112K
  class space    used 10120K, committed 10432K, reserved 1048576K
}
Event: 4.988 GC heap before
{Heap before GC invocations=23 (full 0):
 garbage-first heap   total 210944K, used 151031K [0x0000000780000000, 0x0000000800000000)
  region size 1024K, 79 young (80896K), 5 survivors (5120K)
 Metaspace       used 77599K, committed 78272K, reserved 1179648K
  class space    used 10814K, committed 11136K, reserved 1048576K
}
Event: 4.992 GC heap after
{Heap after GC invocations=24 (full 0):
 garbage-first heap   total 210944K, used 80765K [0x0000000780000000, 0x0000000800000000)
  region size 1024K, 10 young (10240K), 10 survivors (10240K)
 Metaspace       used 77599K, committed 78272K, reserved 1179648K
  class space    used 10814K, committed 11136K, reserved 1048576K
}
Event: 5.429 GC heap before
{Heap before GC invocations=24 (full 0):
 garbage-first heap   total 210944K, used 157565K [0x0000000780000000, 0x0000000800000000)
  region size 1024K, 84 young (86016K), 10 survivors (10240K)
 Metaspace       used 83407K, committed 84096K, reserved 1179648K
  class space    used 11840K, committed 12160K, reserved 1048576K
}
Event: 5.438 GC heap after
{Heap after GC invocations=25 (full 0):
 garbage-first heap   total 210944K, used 83971K [0x0000000780000000, 0x0000000800000000)
  region size 1024K, 9 young (9216K), 9 survivors (9216K)
 Metaspace       used 83407K, committed 84096K, reserved 1179648K
  class space    used 11840K, committed 12160K, reserved 1048576K
}
Event: 5.913 GC heap before
{Heap before GC invocations=25 (full 0):
 garbage-first heap   total 210944K, used 161795K [0x0000000780000000, 0x0000000800000000)
  region size 1024K, 85 young (87040K), 9 survivors (9216K)
 Metaspace       used 89689K, committed 90304K, reserved 1179648K
  class space    used 12807K, committed 13120K, reserved 1048576K
}
Event: 5.917 GC heap after
{Heap after GC invocations=26 (full 0):
 garbage-first heap   total 210944K, used 88293K [0x0000000780000000, 0x0000000800000000)
  region size 1024K, 8 young (8192K), 8 survivors (8192K)
 Metaspace       used 89689K, committed 90304K, reserved 1179648K
  class space    used 12807K, committed 13120K, reserved 1048576K
}
Event: 6.308 GC heap before
{Heap before GC invocations=26 (full 0):
 garbage-first heap   total 210944K, used 165093K [0x0000000780000000, 0x0000000800000000)
  region size 1024K, 83 young (84992K), 8 survivors (8192K)
 Metaspace       used 94740K, committed 95360K, reserved 1179648K
  class space    used 13506K, committed 13824K, reserved 1048576K
}
Event: 6.314 GC heap after
{Heap after GC invocations=27 (full 0):
 garbage-first heap   total 210944K, used 95216K [0x0000000780000000, 0x0000000800000000)
  region size 1024K, 11 young (11264K), 11 survivors (11264K)
 Metaspace       used 94740K, committed 95360K, reserved 1179648K
  class space    used 13506K, committed 13824K, reserved 1048576K
}
Event: 6.629 GC heap before
{Heap before GC invocations=27 (full 0):
 garbage-first heap   total 210944K, used 170992K [0x0000000780000000, 0x0000000800000000)
  region size 1024K, 81 young (82944K), 11 survivors (11264K)
 Metaspace       used 97899K, committed 98624K, reserved 1179648K
  class space    used 13859K, committed 14208K, reserved 1048576K
}
Event: 6.638 GC heap after
{Heap after GC invocations=28 (full 0):
 garbage-first heap   total 210944K, used 106135K [0x0000000780000000, 0x0000000800000000)
  region size 1024K, 11 young (11264K), 11 survivors (11264K)
 Metaspace       used 97899K, committed 98624K, reserved 1179648K
  class space    used 13859K, committed 14208K, reserved 1048576K
}
Event: 6.963 GC heap before
{Heap before GC invocations=28 (full 0):
 garbage-first heap   total 210944K, used 165527K [0x0000000780000000, 0x0000000800000000)
  region size 1024K, 70 young (71680K), 11 survivors (11264K)
 Metaspace       used 98743K, committed 99456K, reserved 1179648K
  class space    used 13986K, committed 14336K, reserved 1048576K
}
Event: 6.968 GC heap after
{Heap after GC invocations=29 (full 0):
 garbage-first heap   total 210944K, used 112574K [0x0000000780000000, 0x0000000800000000)
  region size 1024K, 7 young (7168K), 7 survivors (7168K)
 Metaspace       used 98743K, committed 99456K, reserved 1179648K
  class space    used 13986K, committed 14336K, reserved 1048576K
}
Event: 7.193 GC heap before
{Heap before GC invocations=29 (full 0):
 garbage-first heap   total 210944K, used 167870K [0x0000000780000000, 0x0000000800000000)
  region size 1024K, 62 young (63488K), 7 survivors (7168K)
 Metaspace       used 99245K, committed 99904K, reserved 1179648K
  class space    used 14023K, committed 14336K, reserved 1048576K
}
Event: 7.198 GC heap after
{Heap after GC invocations=30 (full 0):
 garbage-first heap   total 258048K, used 117996K [0x0000000780000000, 0x0000000800000000)
  region size 1024K, 6 young (6144K), 6 survivors (6144K)
 Metaspace       used 99245K, committed 99904K, reserved 1179648K
  class space    used 14023K, committed 14336K, reserved 1048576K
}
Event: 7.694 GC heap before
{Heap before GC invocations=30 (full 0):
 garbage-first heap   total 258048K, used 204012K [0x0000000780000000, 0x0000000800000000)
  region size 1024K, 91 young (93184K), 6 survivors (6144K)
 Metaspace       used 102969K, committed 103744K, reserved 1179648K
  class space    used 14527K, committed 14912K, reserved 1048576K
}
Event: 7.701 GC heap after
{Heap after GC invocations=31 (full 0):
 garbage-first heap   total 258048K, used 123520K [0x0000000780000000, 0x0000000800000000)
  region size 1024K, 11 young (11264K), 11 survivors (11264K)
 Metaspace       used 102969K, committed 103744K, reserved 1179648K
  class space    used 14527K, committed 14912K, reserved 1048576K
}

