# JRE version: OpenJDK Runtime Environment (17.0.7) (build 17.0.7+0-17.0.7b1000.6-10550314)
# Java VM: OpenJDK 64-Bit Server VM (17.0.7+0-17.0.7b1000.6-10550314, mixed mode, tiered, compressed oops, compressed class ptrs, g1 gc, bsd-aarch64)
GC Precious Log:
 CPUs: 8 total, 8 available
 Memory: 16384M
 Large Page Support: Disabled
 NUMA Support: Disabled
 Compressed Oops: Enabled (Zero based)
 Heap Region Size: 1M
 Heap Min Capacity: 8M
 Heap Initial Capacity: 256M
 Heap Max Capacity: 2G
 Pre-touch: Disabled
 Parallel Workers: 8
 Concurrent Workers: 2
 Concurrent Refinement Workers: 8
 Periodic GC: Disabled
Heap:
 garbage-first heap   total 161792K, used 120145K [0x0000000780000000, 0x0000000800000000)
  region size 1024K, 48 young (49152K), 1 survivors (1024K)
 Metaspace       used 74353K, committed 74880K, reserved 1114112K
  class space    used 10377K, committed 10624K, reserved 1048576K
GC Heap History (20 events):
Event: 4.018 GC heap before
{Heap before GC invocations=15 (full 0):
 garbage-first heap   total 102400K, used 65058K [0x0000000780000000, 0x0000000800000000)
  region size 1024K, 24 young (24576K), 4 survivors (4096K)
 Metaspace       used 58779K, committed 59328K, reserved 1114112K
  class space    used 8275K, committed 8512K, reserved 1048576K
}
Event: 4.022 GC heap after
{Heap after GC invocations=16 (full 0):
 garbage-first heap   total 102400K, used 52148K [0x0000000780000000, 0x0000000800000000)
  region size 1024K, 6 young (6144K), 6 survivors (6144K)
 Metaspace       used 58779K, committed 59328K, reserved 1114112K
  class space    used 8275K, committed 8512K, reserved 1048576K
}
Event: 4.060 GC heap before
{Heap before GC invocations=17 (full 0):
 garbage-first heap   total 102400K, used 60340K [0x0000000780000000, 0x0000000800000000)
  region size 1024K, 11 young (11264K), 6 survivors (6144K)
 Metaspace       used 58787K, committed 59328K, reserved 1114112K
  class space    used 8277K, committed 8512K, reserved 1048576K
}
Event: 4.062 GC heap after
{Heap after GC invocations=18 (full 0):
 garbage-first heap   total 102400K, used 59825K [0x0000000780000000, 0x0000000800000000)
  region size 1024K, 4 young (4096K), 4 survivors (4096K)
 Metaspace       used 58787K, committed 59328K, reserved 1114112K
  class space    used 8277K, committed 8512K, reserved 1048576K
}
Event: 4.141 GC heap before
{Heap before GC invocations=19 (full 0):
 garbage-first heap   total 107520K, used 75185K [0x0000000780000000, 0x0000000800000000)
  region size 1024K, 18 young (18432K), 4 survivors (4096K)
 Metaspace       used 59878K, committed 60416K, reserved 1114112K
  class space    used 8421K, committed 8704K, reserved 1048576K
}
Event: 4.142 GC heap after
{Heap after GC invocations=20 (full 0):
 garbage-first heap   total 107520K, used 62843K [0x0000000780000000, 0x0000000800000000)
  region size 1024K, 2 young (2048K), 2 survivors (2048K)
 Metaspace       used 59878K, committed 60416K, reserved 1114112K
  class space    used 8421K, committed 8704K, reserved 1048576K
}
Event: 4.158 GC heap before
{Heap before GC invocations=20 (full 0):
 garbage-first heap   total 107520K, used 65915K [0x0000000780000000, 0x0000000800000000)
  region size 1024K, 5 young (5120K), 2 survivors (2048K)
 Metaspace       used 60132K, committed 60672K, reserved 1114112K
  class space    used 8452K, committed 8704K, reserved 1048576K
}
Event: 4.160 GC heap after
{Heap after GC invocations=21 (full 0):
 garbage-first heap   total 107520K, used 62461K [0x0000000780000000, 0x0000000800000000)
  region size 1024K, 1 young (1024K), 1 survivors (1024K)
 Metaspace       used 60132K, committed 60672K, reserved 1114112K
  class space    used 8452K, committed 8704K, reserved 1048576K
}
Event: 4.238 GC heap before
{Heap before GC invocations=21 (full 0):
 garbage-first heap   total 107520K, used 78845K [0x0000000780000000, 0x0000000800000000)
  region size 1024K, 17 young (17408K), 1 survivors (1024K)
 Metaspace       used 61679K, committed 62208K, reserved 1114112K
  class space    used 8690K, committed 8960K, reserved 1048576K
}
Event: 4.239 GC heap after
{Heap after GC invocations=22 (full 0):
 garbage-first heap   total 107520K, used 62861K [0x0000000780000000, 0x0000000800000000)
  region size 1024K, 1 young (1024K), 1 survivors (1024K)
 Metaspace       used 61679K, committed 62208K, reserved 1114112K
  class space    used 8690K, committed 8960K, reserved 1048576K
}
Event: 4.338 GC heap before
{Heap before GC invocations=23 (full 0):
 garbage-first heap   total 111616K, used 79245K [0x0000000780000000, 0x0000000800000000)
  region size 1024K, 18 young (18432K), 1 survivors (1024K)
 Metaspace       used 63485K, committed 64000K, reserved 1114112K
  class space    used 8894K, committed 9152K, reserved 1048576K
}
Event: 4.339 GC heap after
{Heap after GC invocations=24 (full 0):
 garbage-first heap   total 111616K, used 63307K [0x0000000780000000, 0x0000000800000000)
  region size 1024K, 1 young (1024K), 1 survivors (1024K)
 Metaspace       used 63485K, committed 64000K, reserved 1114112K
  class space    used 8894K, committed 9152K, reserved 1048576K
}
Event: 4.359 GC heap before
{Heap before GC invocations=24 (full 0):
 garbage-first heap   total 111616K, used 66379K [0x0000000780000000, 0x0000000800000000)
  region size 1024K, 5 young (5120K), 1 survivors (1024K)
 Metaspace       used 64165K, committed 64704K, reserved 1114112K
  class space    used 8972K, committed 9216K, reserved 1048576K
}
Event: 4.361 GC heap after
{Heap after GC invocations=25 (full 0):
 garbage-first heap   total 111616K, used 63025K [0x0000000780000000, 0x0000000800000000)
  region size 1024K, 1 young (1024K), 1 survivors (1024K)
 Metaspace       used 64165K, committed 64704K, reserved 1114112K
  class space    used 8972K, committed 9216K, reserved 1048576K
}
Event: 4.470 GC heap before
{Heap before GC invocations=25 (full 0):
 garbage-first heap   total 111616K, used 83505K [0x0000000780000000, 0x0000000800000000)
  region size 1024K, 22 young (22528K), 1 survivors (1024K)
 Metaspace       used 66299K, committed 66816K, reserved 1114112K
  class space    used 9209K, committed 9472K, reserved 1048576K
}
Event: 4.472 GC heap after
{Heap after GC invocations=26 (full 0):
 garbage-first heap   total 161792K, used 63732K [0x0000000780000000, 0x0000000800000000)
  region size 1024K, 2 young (2048K), 2 survivors (2048K)
 Metaspace       used 66299K, committed 66816K, reserved 1114112K
  class space    used 9209K, committed 9472K, reserved 1048576K
}
Event: 4.762 GC heap before
{Heap before GC invocations=27 (full 0):
 garbage-first heap   total 161792K, used 122100K [0x0000000780000000, 0x0000000800000000)
  region size 1024K, 53 young (54272K), 2 survivors (2048K)
 Metaspace       used 69943K, committed 70528K, reserved 1114112K
  class space    used 9764K, committed 10048K, reserved 1048576K
}
Event: 4.765 GC heap after
{Heap after GC invocations=28 (full 0):
 garbage-first heap   total 161792K, used 68477K [0x0000000780000000, 0x0000000800000000)
  region size 1024K, 6 young (6144K), 6 survivors (6144K)
 Metaspace       used 69943K, committed 70528K, reserved 1114112K
  class space    used 9764K, committed 10048K, reserved 1048576K
}
Event: 4.770 GC heap before
{Heap before GC invocations=28 (full 0):
 garbage-first heap   total 161792K, used 69501K [0x0000000780000000, 0x0000000800000000)
  region size 1024K, 7 young (7168K), 6 survivors (6144K)
 Metaspace       used 70023K, committed 70592K, reserved 1114112K
  class space    used 9774K, committed 10048K, reserved 1048576K
}
Event: 4.774 GC heap after
{Heap after GC invocations=29 (full 0):
 garbage-first heap   total 161792K, used 68945K [0x0000000780000000, 0x0000000800000000)
  region size 1024K, 1 young (1024K), 1 survivors (1024K)
 Metaspace       used 70023K, committed 70592K, reserved 1114112K
  class space    used 9774K, committed 10048K, reserved 1048576K
}

