# JRE version: OpenJDK Runtime Environment (21.0.2+13) (build 21.0.2+13-58)
# Java VM: OpenJDK 64-Bit Server VM (21.0.2+13-58, mixed mode, sharing, tiered, compressed oops, compressed class ptrs, g1 gc, bsd-aarch64)
GC Precious Log:
 CardTable entry size: 512
 Card Set container configuration: InlinePtr #cards 5 size 8 Array Of Cards #cards 12 size 40 Howl #buckets 4 coarsen threshold 1843 Howl Bitmap #cards 512 size 80 coarsen threshold 460 Card regions per heap region 1 cards per card region 2048
 CPUs: 8 total, 8 available
 Memory: 16384M
 Large Page Support: Disabled
 NUMA Support: Disabled
 Compressed Oops: Enabled (Zero based)
 Heap Region Size: 1M
 Heap Min Capacity: 8M
 Heap Initial Capacity: 256M
 Heap Max Capacity: 2G
 Pre-touch: Disabled
 Parallel Workers: 8
 Concurrent Workers: 2
 Concurrent Refinement Workers: 8
 Periodic GC: Disabled
Heap:
 garbage-first heap   total 357376K, used 317296K [0x0000000780000000, 0x0000000800000000)
  region size 1024K, 112 young (114688K), 14 survivors (14336K)
 Metaspace       used 149167K, committed 151552K, reserved 1245184K
  class space    used 18919K, committed 20160K, reserved 1048576K
GC Heap History (20 events):
Event: 9.329 GC heap after
{Heap after GC invocations=34 (full 0):
 garbage-first heap   total 313344K, used 156396K [0x0000000780000000, 0x0000000800000000)
  region size 1024K, 12 young (12288K), 12 survivors (12288K)
 Metaspace       used 104705K, committed 106816K, reserved 1179648K
  class space    used 14204K, committed 15296K, reserved 1048576K
}
Event: 13.715 GC heap before
{Heap before GC invocations=34 (full 0):
 garbage-first heap   total 313344K, used 258796K [0x0000000780000000, 0x0000000800000000)
  region size 1024K, 111 young (113664K), 12 survivors (12288K)
 Metaspace       used 109132K, committed 111424K, reserved 1179648K
  class space    used 14773K, committed 15936K, reserved 1048576K
}
Event: 13.725 GC heap after
{Heap after GC invocations=35 (full 0):
 garbage-first heap   total 313344K, used 166665K [0x0000000780000000, 0x0000000800000000)
  region size 1024K, 14 young (14336K), 14 survivors (14336K)
 Metaspace       used 109132K, committed 111424K, reserved 1179648K
  class space    used 14773K, committed 15936K, reserved 1048576K
}
Event: 13.799 GC heap before
{Heap before GC invocations=35 (full 0):
 garbage-first heap   total 313344K, used 178953K [0x0000000780000000, 0x0000000800000000)
  region size 1024K, 27 young (27648K), 14 survivors (14336K)
 Metaspace       used 109299K, committed 111552K, reserved 1179648K
  class space    used 14795K, committed 15936K, reserved 1048576K
}
Event: 13.803 GC heap after
{Heap after GC invocations=36 (full 0):
 garbage-first heap   total 313344K, used 161802K [0x0000000780000000, 0x0000000800000000)
  region size 1024K, 3 young (3072K), 3 survivors (3072K)
 Metaspace       used 109299K, committed 111552K, reserved 1179648K
  class space    used 14795K, committed 15936K, reserved 1048576K
}
Event: 14.823 GC heap before
{Heap before GC invocations=37 (full 0):
 garbage-first heap   total 313344K, used 281610K [0x0000000780000000, 0x0000000800000000)
  region size 1024K, 108 young (110592K), 3 survivors (3072K)
 Metaspace       used 127149K, committed 129472K, reserved 1179648K
  class space    used 16680K, committed 17856K, reserved 1048576K
}
Event: 14.832 GC heap after
{Heap after GC invocations=38 (full 0):
 garbage-first heap   total 313344K, used 181860K [0x0000000780000000, 0x0000000800000000)
  region size 1024K, 14 young (14336K), 14 survivors (14336K)
 Metaspace       used 127149K, committed 129472K, reserved 1179648K
  class space    used 16680K, committed 17856K, reserved 1048576K
}
Event: 15.306 GC heap before
{Heap before GC invocations=38 (full 0):
 garbage-first heap   total 313344K, used 269924K [0x0000000780000000, 0x0000000800000000)
  region size 1024K, 101 young (103424K), 14 survivors (14336K)
 Metaspace       used 133008K, committed 135360K, reserved 1179648K
  class space    used 17402K, committed 18560K, reserved 1048576K
}
Event: 15.320 GC heap after
{Heap after GC invocations=39 (full 0):
 garbage-first heap   total 313344K, used 169325K [0x0000000780000000, 0x0000000800000000)
  region size 1024K, 6 young (6144K), 6 survivors (6144K)
 Metaspace       used 133008K, committed 135360K, reserved 1179648K
  class space    used 17402K, committed 18560K, reserved 1048576K
}
Event: 51.306 GC heap before
{Heap before GC invocations=39 (full 0):
 garbage-first heap   total 313344K, used 270701K [0x0000000780000000, 0x0000000800000000)
  region size 1024K, 106 young (108544K), 6 survivors (6144K)
 Metaspace       used 136475K, committed 138944K, reserved 1179648K
  class space    used 17618K, committed 18880K, reserved 1048576K
}
Event: 51.315 GC heap after
{Heap after GC invocations=40 (full 0):
 garbage-first heap   total 313344K, used 178940K [0x0000000780000000, 0x0000000800000000)
  region size 1024K, 14 young (14336K), 14 survivors (14336K)
 Metaspace       used 136475K, committed 138944K, reserved 1179648K
  class space    used 17618K, committed 18880K, reserved 1048576K
}
Event: 52.384 GC heap before
{Heap before GC invocations=41 (full 0):
 garbage-first heap   total 313344K, used 281340K [0x0000000780000000, 0x0000000800000000)
  region size 1024K, 108 young (110592K), 14 survivors (14336K)
 Metaspace       used 136951K, committed 139328K, reserved 1179648K
  class space    used 17648K, committed 18880K, reserved 1048576K
}
Event: 52.394 GC heap after
{Heap after GC invocations=42 (full 0):
 garbage-first heap   total 313344K, used 194253K [0x0000000780000000, 0x0000000800000000)
  region size 1024K, 14 young (14336K), 14 survivors (14336K)
 Metaspace       used 136951K, committed 139328K, reserved 1179648K
  class space    used 17648K, committed 18880K, reserved 1048576K
}
Event: 52.959 GC heap before
{Heap before GC invocations=42 (full 0):
 garbage-first heap   total 313344K, used 282317K [0x0000000780000000, 0x0000000800000000)
  region size 1024K, 95 young (97280K), 14 survivors (14336K)
 Metaspace       used 145177K, committed 147584K, reserved 1179648K
  class space    used 18493K, committed 19712K, reserved 1048576K
}
Event: 52.967 GC heap after
{Heap after GC invocations=43 (full 0):
 garbage-first heap   total 313344K, used 201584K [0x0000000780000000, 0x0000000800000000)
  region size 1024K, 10 young (10240K), 10 survivors (10240K)
 Metaspace       used 145177K, committed 147584K, reserved 1179648K
  class space    used 18493K, committed 19712K, reserved 1048576K
}
Event: 53.234 GC heap before
{Heap before GC invocations=43 (full 0):
 garbage-first heap   total 313344K, used 280432K [0x0000000780000000, 0x0000000800000000)
  region size 1024K, 87 young (89088K), 10 survivors (10240K)
 Metaspace       used 148586K, committed 151040K, reserved 1245184K
  class space    used 18900K, committed 20160K, reserved 1048576K
}
Event: 53.240 GC heap after
{Heap after GC invocations=44 (full 0):
 garbage-first heap   total 313344K, used 201684K [0x0000000780000000, 0x0000000800000000)
  region size 1024K, 5 young (5120K), 5 survivors (5120K)
 Metaspace       used 148586K, committed 151040K, reserved 1245184K
  class space    used 18900K, committed 20160K, reserved 1048576K
}
Event: 183.287 GC heap before
{Heap before GC invocations=45 (full 0):
 garbage-first heap   total 342016K, used 280532K [0x0000000780000000, 0x0000000800000000)
  region size 1024K, 85 young (87040K), 5 survivors (5120K)
 Metaspace       used 148966K, committed 151424K, reserved 1245184K
  class space    used 18907K, committed 20160K, reserved 1048576K
}
Event: 183.296 GC heap after
{Heap after GC invocations=46 (full 0):
 garbage-first heap   total 342016K, used 208752K [0x0000000780000000, 0x0000000800000000)
  region size 1024K, 11 young (11264K), 11 survivors (11264K)
 Metaspace       used 148966K, committed 151424K, reserved 1245184K
  class space    used 18907K, committed 20160K, reserved 1048576K
}
Event: 184.075 GC heap before
{Heap before GC invocations=46 (full 0):
 garbage-first heap   total 342016K, used 316272K [0x0000000780000000, 0x0000000800000000)
  region size 1024K, 109 young (111616K), 11 survivors (11264K)
 Metaspace       used 149167K, committed 151552K, reserved 1245184K
  class space    used 18919K, committed 20160K, reserved 1048576K
}

