# JRE version: OpenJDK Runtime Environment (21.0.2+13) (build 21.0.2+13-58)
# Java VM: OpenJDK 64-Bit Server VM (21.0.2+13-58, mixed mode, sharing, tiered, compressed oops, compressed class ptrs, g1 gc, bsd-aarch64)
GC Precious Log:
 CardTable entry size: 512
 Card Set container configuration: InlinePtr #cards 5 size 8 Array Of Cards #cards 12 size 40 Howl #buckets 4 coarsen threshold 1843 Howl Bitmap #cards 512 size 80 coarsen threshold 460 Card regions per heap region 1 cards per card region 2048
 CPUs: 8 total, 8 available
 Memory: 16384M
 Large Page Support: Disabled
 NUMA Support: Disabled
 Compressed Oops: Enabled (Zero based)
 Heap Region Size: 1M
 Heap Min Capacity: 8M
 Heap Initial Capacity: 256M
 Heap Max Capacity: 2G
 Pre-touch: Disabled
 Parallel Workers: 8
 Concurrent Workers: 2
 Concurrent Refinement Workers: 8
 Periodic GC: Disabled
Heap:
 garbage-first heap   total 265216K, used 235657K [0x0000000780000000, 0x0000000800000000)
  region size 1024K, 91 young (93184K), 8 survivors (8192K)
 Metaspace       used 115651K, committed 117888K, reserved 1179648K
  class space    used 16066K, committed 17152K, reserved 1048576K
GC Heap History (20 events):
Event: 5.037 GC heap after
{Heap after GC invocations=24 (full 0):
 garbage-first heap   total 172032K, used 91582K [0x0000000780000000, 0x0000000800000000)
  region size 1024K, 3 young (3072K), 3 survivors (3072K)
 Metaspace       used 83623K, committed 85568K, reserved 1179648K
  class space    used 11659K, committed 12608K, reserved 1048576K
}
Event: 5.352 GC heap before
{Heap before GC invocations=24 (full 0):
 garbage-first heap   total 172032K, used 153022K [0x0000000780000000, 0x0000000800000000)
  region size 1024K, 63 young (64512K), 3 survivors (3072K)
 Metaspace       used 88319K, committed 90304K, reserved 1179648K
  class space    used 12349K, committed 13312K, reserved 1048576K
}
Event: 5.356 GC heap after
{Heap after GC invocations=25 (full 0):
 garbage-first heap   total 172032K, used 93800K [0x0000000780000000, 0x0000000800000000)
  region size 1024K, 7 young (7168K), 7 survivors (7168K)
 Metaspace       used 88319K, committed 90304K, reserved 1179648K
  class space    used 12349K, committed 13312K, reserved 1048576K
}
Event: 5.816 GC heap before
{Heap before GC invocations=25 (full 0):
 garbage-first heap   total 172032K, used 154216K [0x0000000780000000, 0x0000000800000000)
  region size 1024K, 66 young (67584K), 7 survivors (7168K)
 Metaspace       used 93797K, committed 95808K, reserved 1179648K
  class space    used 13090K, committed 14080K, reserved 1048576K
}
Event: 5.821 GC heap after
{Heap after GC invocations=26 (full 0):
 garbage-first heap   total 172032K, used 97776K [0x0000000780000000, 0x0000000800000000)
  region size 1024K, 8 young (8192K), 8 survivors (8192K)
 Metaspace       used 93797K, committed 95808K, reserved 1179648K
  class space    used 13090K, committed 14080K, reserved 1048576K
}
Event: 6.017 GC heap before
{Heap before GC invocations=27 (full 0):
 garbage-first heap   total 174080K, used 154096K [0x0000000780000000, 0x0000000800000000)
  region size 1024K, 63 young (64512K), 8 survivors (8192K)
 Metaspace       used 94957K, committed 97024K, reserved 1179648K
  class space    used 13250K, committed 14272K, reserved 1048576K
}
Event: 6.023 GC heap after
{Heap after GC invocations=28 (full 0):
 garbage-first heap   total 174080K, used 105245K [0x0000000780000000, 0x0000000800000000)
  region size 1024K, 8 young (8192K), 8 survivors (8192K)
 Metaspace       used 94957K, committed 97024K, reserved 1179648K
  class space    used 13250K, committed 14272K, reserved 1048576K
}
Event: 6.284 GC heap before
{Heap before GC invocations=28 (full 0):
 garbage-first heap   total 174080K, used 160541K [0x0000000780000000, 0x0000000800000000)
  region size 1024K, 58 young (59392K), 8 survivors (8192K)
 Metaspace       used 98220K, committed 100288K, reserved 1179648K
  class space    used 13624K, committed 14656K, reserved 1048576K
}
Event: 6.295 GC heap after
{Heap after GC invocations=29 (full 0):
 garbage-first heap   total 218112K, used 112838K [0x0000000780000000, 0x0000000800000000)
  region size 1024K, 8 young (8192K), 8 survivors (8192K)
 Metaspace       used 98220K, committed 100288K, reserved 1179648K
  class space    used 13624K, committed 14656K, reserved 1048576K
}
Event: 6.530 GC heap before
{Heap before GC invocations=29 (full 0):
 garbage-first heap   total 218112K, used 189638K [0x0000000780000000, 0x0000000800000000)
  region size 1024K, 84 young (86016K), 8 survivors (8192K)
 Metaspace       used 98970K, committed 101056K, reserved 1179648K
  class space    used 13705K, committed 14720K, reserved 1048576K
}
Event: 6.537 GC heap after
{Heap after GC invocations=30 (full 0):
 garbage-first heap   total 218112K, used 121645K [0x0000000780000000, 0x0000000800000000)
  region size 1024K, 9 young (9216K), 9 survivors (9216K)
 Metaspace       used 98970K, committed 101056K, reserved 1179648K
  class space    used 13705K, committed 14720K, reserved 1048576K
}
Event: 6.864 GC heap before
{Heap before GC invocations=30 (full 0):
 garbage-first heap   total 218112K, used 192301K [0x0000000780000000, 0x0000000800000000)
  region size 1024K, 79 young (80896K), 9 survivors (9216K)
 Metaspace       used 100115K, committed 102272K, reserved 1179648K
  class space    used 13832K, committed 14912K, reserved 1048576K
}
Event: 6.870 GC heap after
{Heap after GC invocations=31 (full 0):
 garbage-first heap   total 218112K, used 126250K [0x0000000780000000, 0x0000000800000000)
  region size 1024K, 7 young (7168K), 7 survivors (7168K)
 Metaspace       used 100115K, committed 102272K, reserved 1179648K
  class space    used 13832K, committed 14912K, reserved 1048576K
}
Event: 7.288 GC heap before
{Heap before GC invocations=31 (full 0):
 garbage-first heap   total 218112K, used 194858K [0x0000000780000000, 0x0000000800000000)
  region size 1024K, 75 young (76800K), 7 survivors (7168K)
 Metaspace       used 103029K, committed 105216K, reserved 1179648K
  class space    used 14207K, committed 15296K, reserved 1048576K
}
Event: 7.298 GC heap after
{Heap after GC invocations=32 (full 0):
 garbage-first heap   total 218112K, used 132323K [0x0000000780000000, 0x0000000800000000)
  region size 1024K, 8 young (8192K), 8 survivors (8192K)
 Metaspace       used 103029K, committed 105216K, reserved 1179648K
  class space    used 14207K, committed 15296K, reserved 1048576K
}
Event: 13.258 GC heap before
{Heap before GC invocations=33 (full 0):
 garbage-first heap   total 265216K, used 193763K [0x0000000780000000, 0x0000000800000000)
  region size 1024K, 69 young (70656K), 8 survivors (8192K)
 Metaspace       used 104921K, committed 107136K, reserved 1179648K
  class space    used 14493K, committed 15616K, reserved 1048576K
}
Event: 13.264 GC heap after
{Heap after GC invocations=34 (full 0):
 garbage-first heap   total 265216K, used 136964K [0x0000000780000000, 0x0000000800000000)
  region size 1024K, 6 young (6144K), 6 survivors (6144K)
 Metaspace       used 104921K, committed 107136K, reserved 1179648K
  class space    used 14493K, committed 15616K, reserved 1048576K
}
Event: 13.507 GC heap before
{Heap before GC invocations=34 (full 0):
 garbage-first heap   total 265216K, used 237316K [0x0000000780000000, 0x0000000800000000)
  region size 1024K, 105 young (107520K), 6 survivors (6144K)
 Metaspace       used 109413K, committed 111616K, reserved 1179648K
  class space    used 15124K, committed 16192K, reserved 1048576K
}
Event: 13.516 GC heap after
{Heap after GC invocations=35 (full 0):
 garbage-first heap   total 265216K, used 150665K [0x0000000780000000, 0x0000000800000000)
  region size 1024K, 14 young (14336K), 14 survivors (14336K)
 Metaspace       used 109413K, committed 111616K, reserved 1179648K
  class space    used 15124K, committed 16192K, reserved 1048576K
}
Event: 13.742 GC heap before
{Heap before GC invocations=35 (full 0):
 garbage-first heap   total 265216K, used 234633K [0x0000000780000000, 0x0000000800000000)
  region size 1024K, 97 young (99328K), 14 survivors (14336K)
 Metaspace       used 115651K, committed 117888K, reserved 1179648K
  class space    used 16066K, committed 17152K, reserved 1048576K
}

