# JRE version: OpenJDK Runtime Environment (17.0.7) (build 17.0.7+0-17.0.7b1000.6-10550314)
# Java VM: OpenJDK 64-Bit Server VM (17.0.7+0-17.0.7b1000.6-10550314, mixed mode, tiered, compressed oops, compressed class ptrs, g1 gc, bsd-aarch64)
GC Precious Log:
 CPUs: 8 total, 8 available
 Memory: 16384M
 Large Page Support: Disabled
 NUMA Support: Disabled
 Compressed Oops: Enabled (Zero based)
 Heap Region Size: 2M
 Heap Min Capacity: 8M
 Heap Initial Capacity: 256M
 Heap Max Capacity: 4G
 Pre-touch: Disabled
 Parallel Workers: 8
 Concurrent Workers: 2
 Concurrent Refinement Workers: 8
 Periodic GC: Disabled
Heap:
 garbage-first heap   total 315392K, used 249820K [0x0000000700000000, 0x0000000800000000)
  region size 2048K, 66 young (135168K), 6 survivors (12288K)
 Metaspace       used 92607K, committed 92992K, reserved 1179648K
  class space    used 10078K, committed 10240K, reserved 1048576K
GC Heap History (20 events):
Event: 4.574 GC heap after
{Heap after GC invocations=25 (full 0):
 garbage-first heap   total 169984K, used 80658K [0x0000000700000000, 0x0000000800000000)
  region size 2048K, 4 young (8192K), 4 survivors (8192K)
 Metaspace       used 64940K, committed 65280K, reserved 1114112K
  class space    used 7567K, committed 7744K, reserved 1048576K
}
Event: 4.930 GC heap before
{Heap before GC invocations=25 (full 0):
 garbage-first heap   total 169984K, used 129810K [0x0000000700000000, 0x0000000800000000)
  region size 2048K, 29 young (59392K), 4 survivors (8192K)
 Metaspace       used 65254K, committed 65600K, reserved 1114112K
  class space    used 7579K, committed 7744K, reserved 1048576K
}
Event: 4.937 GC heap after
{Heap after GC invocations=26 (full 0):
 garbage-first heap   total 169984K, used 85104K [0x0000000700000000, 0x0000000800000000)
  region size 2048K, 4 young (8192K), 4 survivors (8192K)
 Metaspace       used 65254K, committed 65600K, reserved 1114112K
  class space    used 7579K, committed 7744K, reserved 1048576K
}
Event: 5.145 GC heap before
{Heap before GC invocations=26 (full 0):
 garbage-first heap   total 169984K, used 134256K [0x0000000700000000, 0x0000000800000000)
  region size 2048K, 29 young (59392K), 4 survivors (8192K)
 Metaspace       used 65999K, committed 66368K, reserved 1114112K
  class space    used 7636K, committed 7808K, reserved 1048576K
}
Event: 5.151 GC heap after
{Heap after GC invocations=27 (full 0):
 garbage-first heap   total 169984K, used 86746K [0x0000000700000000, 0x0000000800000000)
  region size 2048K, 3 young (6144K), 3 survivors (6144K)
 Metaspace       used 65999K, committed 66368K, reserved 1114112K
  class space    used 7636K, committed 7808K, reserved 1048576K
}
Event: 5.593 GC heap before
{Heap before GC invocations=28 (full 0):
 garbage-first heap   total 169984K, used 135898K [0x0000000700000000, 0x0000000800000000)
  region size 2048K, 28 young (57344K), 3 survivors (6144K)
 Metaspace       used 72646K, committed 72960K, reserved 1114112K
  class space    used 8309K, committed 8448K, reserved 1048576K
}
Event: 5.601 GC heap after
{Heap after GC invocations=29 (full 0):
 garbage-first heap   total 169984K, used 91158K [0x0000000700000000, 0x0000000800000000)
  region size 2048K, 4 young (8192K), 4 survivors (8192K)
 Metaspace       used 72646K, committed 72960K, reserved 1114112K
  class space    used 8309K, committed 8448K, reserved 1048576K
}
Event: 5.618 GC heap before
{Heap before GC invocations=29 (full 0):
 garbage-first heap   total 169984K, used 93206K [0x0000000700000000, 0x0000000800000000)
  region size 2048K, 5 young (10240K), 4 survivors (8192K)
 Metaspace       used 72978K, committed 73280K, reserved 1114112K
  class space    used 8347K, committed 8512K, reserved 1048576K
}
Event: 5.623 GC heap after
{Heap after GC invocations=30 (full 0):
 garbage-first heap   total 169984K, used 91643K [0x0000000700000000, 0x0000000800000000)
  region size 2048K, 1 young (2048K), 1 survivors (2048K)
 Metaspace       used 72978K, committed 73280K, reserved 1114112K
  class space    used 8347K, committed 8512K, reserved 1048576K
}
Event: 5.926 GC heap before
{Heap before GC invocations=30 (full 0):
 garbage-first heap   total 169984K, used 138747K [0x0000000700000000, 0x0000000800000000)
  region size 2048K, 24 young (49152K), 1 survivors (2048K)
 Metaspace       used 75009K, committed 75328K, reserved 1179648K
  class space    used 8565K, committed 8704K, reserved 1048576K
}
Event: 5.934 GC heap after
{Heap after GC invocations=31 (full 0):
 garbage-first heap   total 315392K, used 99778K [0x0000000700000000, 0x0000000800000000)
  region size 2048K, 3 young (6144K), 3 survivors (6144K)
 Metaspace       used 75009K, committed 75328K, reserved 1179648K
  class space    used 8565K, committed 8704K, reserved 1048576K
}
Event: 7.130 GC heap before
{Heap before GC invocations=32 (full 0):
 garbage-first heap   total 315392K, used 247234K [0x0000000700000000, 0x0000000800000000)
  region size 2048K, 75 young (153600K), 3 survivors (6144K)
 Metaspace       used 89878K, committed 90240K, reserved 1179648K
  class space    used 9971K, committed 10112K, reserved 1048576K
}
Event: 7.138 GC heap after
{Heap after GC invocations=33 (full 0):
 garbage-first heap   total 315392K, used 112808K [0x0000000700000000, 0x0000000800000000)
  region size 2048K, 10 young (20480K), 10 survivors (20480K)
 Metaspace       used 89878K, committed 90240K, reserved 1179648K
  class space    used 9971K, committed 10112K, reserved 1048576K
}
Event: 7.156 GC heap before
{Heap before GC invocations=33 (full 0):
 garbage-first heap   total 315392K, used 114856K [0x0000000700000000, 0x0000000800000000)
  region size 2048K, 11 young (22528K), 10 survivors (20480K)
 Metaspace       used 90110K, committed 90496K, reserved 1179648K
  class space    used 9989K, committed 10176K, reserved 1048576K
}
Event: 7.164 GC heap after
{Heap after GC invocations=34 (full 0):
 garbage-first heap   total 315392K, used 114373K [0x0000000700000000, 0x0000000800000000)
  region size 2048K, 2 young (4096K), 2 survivors (4096K)
 Metaspace       used 90110K, committed 90496K, reserved 1179648K
  class space    used 9989K, committed 10176K, reserved 1048576K
}
Event: 7.719 GC heap before
{Heap before GC invocations=34 (full 0):
 garbage-first heap   total 315392K, used 239301K [0x0000000700000000, 0x0000000800000000)
  region size 2048K, 63 young (129024K), 2 survivors (4096K)
 Metaspace       used 91937K, committed 92288K, reserved 1179648K
  class space    used 10044K, committed 10176K, reserved 1048576K
}
Event: 7.723 GC heap after
{Heap after GC invocations=35 (full 0):
 garbage-first heap   total 315392K, used 119658K [0x0000000700000000, 0x0000000800000000)
  region size 2048K, 4 young (8192K), 4 survivors (8192K)
 Metaspace       used 91937K, committed 92288K, reserved 1179648K
  class space    used 10044K, committed 10176K, reserved 1048576K
}
Event: 7.932 GC heap before
{Heap before GC invocations=35 (full 0):
 garbage-first heap   total 315392K, used 246634K [0x0000000700000000, 0x0000000800000000)
  region size 2048K, 66 young (135168K), 4 survivors (8192K)
 Metaspace       used 92332K, committed 92736K, reserved 1179648K
  class space    used 10068K, committed 10240K, reserved 1048576K
}
Event: 7.936 GC heap after
{Heap after GC invocations=36 (full 0):
 garbage-first heap   total 315392K, used 126940K [0x0000000700000000, 0x0000000800000000)
  region size 2048K, 8 young (16384K), 8 survivors (16384K)
 Metaspace       used 92332K, committed 92736K, reserved 1179648K
  class space    used 10068K, committed 10240K, reserved 1048576K
}
Event: 8.123 GC heap before
{Heap before GC invocations=36 (full 0):
 garbage-first heap   total 315392K, used 249820K [0x0000000700000000, 0x0000000800000000)
  region size 2048K, 68 young (139264K), 8 survivors (16384K)
 Metaspace       used 92607K, committed 92992K, reserved 1179648K
  class space    used 10078K, committed 10240K, reserved 1048576K
}

