# JRE version: OpenJDK Runtime Environment (17.0.7) (build 17.0.7+0-17.0.7b1000.6-10550314)
# Java VM: OpenJDK 64-Bit Server VM (17.0.7+0-17.0.7b1000.6-10550314, mixed mode, tiered, compressed oops, compressed class ptrs, g1 gc, bsd-aarch64)
GC Precious Log:
 CPUs: 8 total, 8 available
 Memory: 16384M
 Large Page Support: Disabled
 NUMA Support: Disabled
 Compressed Oops: Enabled (Zero based)
 Heap Region Size: 2M
 Heap Min Capacity: 8M
 Heap Initial Capacity: 256M
 Heap Max Capacity: 4G
 Pre-touch: Disabled
 Parallel Workers: 8
 Concurrent Workers: 2
 Concurrent Refinement Workers: 8
 Periodic GC: Disabled
Heap:
 garbage-first heap   total 180224K, used 57981K [0x0000000700000000, 0x0000000800000000)
  region size 2048K, 6 young (12288K), 4 survivors (8192K)
 Metaspace       used 60574K, committed 60864K, reserved 1114112K
  class space    used 7185K, committed 7296K, reserved 1048576K
GC Heap History (20 events):
Event: 0.844 GC heap before
{Heap before GC invocations=4 (full 0):
 garbage-first heap   total 49152K, used 35205K [0x0000000700000000, 0x0000000800000000)
  region size 2048K, 17 young (34816K), 3 survivors (6144K)
 Metaspace       used 28836K, committed 29120K, reserved 1114112K
  class space    used 3737K, committed 3840K, reserved 1048576K
}
Event: 0.849 GC heap after
{Heap after GC invocations=5 (full 0):
 garbage-first heap   total 49152K, used 11236K [0x0000000700000000, 0x0000000800000000)
  region size 2048K, 4 young (8192K), 4 survivors (8192K)
 Metaspace       used 28836K, committed 29120K, reserved 1114112K
  class space    used 3737K, committed 3840K, reserved 1048576K
}
Event: 0.994 GC heap before
{Heap before GC invocations=5 (full 0):
 garbage-first heap   total 49152K, used 31716K [0x0000000700000000, 0x0000000800000000)
  region size 2048K, 14 young (28672K), 4 survivors (8192K)
 Metaspace       used 31533K, committed 31744K, reserved 1114112K
  class space    used 4241K, committed 4352K, reserved 1048576K
}
Event: 1.004 GC heap after
{Heap after GC invocations=6 (full 0):
 garbage-first heap   total 49152K, used 17372K [0x0000000700000000, 0x0000000800000000)
  region size 2048K, 2 young (4096K), 2 survivors (4096K)
 Metaspace       used 31533K, committed 31744K, reserved 1114112K
  class space    used 4241K, committed 4352K, reserved 1048576K
}
Event: 1.146 GC heap before
{Heap before GC invocations=6 (full 0):
 garbage-first heap   total 49152K, used 31708K [0x0000000700000000, 0x0000000800000000)
  region size 2048K, 10 young (20480K), 2 survivors (4096K)
 Metaspace       used 34811K, committed 35008K, reserved 1114112K
  class space    used 4612K, committed 4672K, reserved 1048576K
}
Event: 1.150 GC heap after
{Heap after GC invocations=7 (full 0):
 garbage-first heap   total 49152K, used 17576K [0x0000000700000000, 0x0000000800000000)
  region size 2048K, 1 young (2048K), 1 survivors (2048K)
 Metaspace       used 34811K, committed 35008K, reserved 1114112K
  class space    used 4612K, committed 4672K, reserved 1048576K
}
Event: 1.214 GC heap before
{Heap before GC invocations=7 (full 0):
 garbage-first heap   total 49152K, used 21672K [0x0000000700000000, 0x0000000800000000)
  region size 2048K, 5 young (10240K), 1 survivors (2048K)
 Metaspace       used 36117K, committed 36288K, reserved 1114112K
  class space    used 4744K, committed 4800K, reserved 1048576K
}
Event: 1.217 GC heap after
{Heap after GC invocations=8 (full 0):
 garbage-first heap   total 155648K, used 18064K [0x0000000700000000, 0x0000000800000000)
  region size 2048K, 2 young (4096K), 2 survivors (4096K)
 Metaspace       used 36117K, committed 36288K, reserved 1114112K
  class space    used 4744K, committed 4800K, reserved 1048576K
}
Event: 1.775 GC heap before
{Heap before GC invocations=9 (full 0):
 garbage-first heap   total 75776K, used 59024K [0x0000000700000000, 0x0000000800000000)
  region size 2048K, 22 young (45056K), 2 survivors (4096K)
 Metaspace       used 44103K, committed 44352K, reserved 1114112K
  class space    used 5547K, committed 5632K, reserved 1048576K
}
Event: 1.796 GC heap after
{Heap after GC invocations=10 (full 0):
 garbage-first heap   total 75776K, used 23459K [0x0000000700000000, 0x0000000800000000)
  region size 2048K, 3 young (6144K), 3 survivors (6144K)
 Metaspace       used 44103K, committed 44352K, reserved 1114112K
  class space    used 5547K, committed 5632K, reserved 1048576K
}
Event: 1.817 GC heap before
{Heap before GC invocations=10 (full 0):
 garbage-first heap   total 75776K, used 25507K [0x0000000700000000, 0x0000000800000000)
  region size 2048K, 4 young (8192K), 3 survivors (6144K)
 Metaspace       used 44366K, committed 44608K, reserved 1114112K
  class space    used 5587K, committed 5696K, reserved 1048576K
}
Event: 1.854 GC heap after
{Heap after GC invocations=11 (full 0):
 garbage-first heap   total 75776K, used 24151K [0x0000000700000000, 0x0000000800000000)
  region size 2048K, 1 young (2048K), 1 survivors (2048K)
 Metaspace       used 44366K, committed 44608K, reserved 1114112K
  class space    used 5587K, committed 5696K, reserved 1048576K
}
Event: 2.021 GC heap before
{Heap before GC invocations=11 (full 0):
 garbage-first heap   total 75776K, used 52823K [0x0000000700000000, 0x0000000800000000)
  region size 2048K, 15 young (30720K), 1 survivors (2048K)
 Metaspace       used 46194K, committed 46464K, reserved 1114112K
  class space    used 5806K, committed 5952K, reserved 1048576K
}
Event: 2.024 GC heap after
{Heap after GC invocations=12 (full 0):
 garbage-first heap   total 75776K, used 25486K [0x0000000700000000, 0x0000000800000000)
  region size 2048K, 2 young (4096K), 2 survivors (4096K)
 Metaspace       used 46194K, committed 46464K, reserved 1114112K
  class space    used 5806K, committed 5952K, reserved 1048576K
}
Event: 2.268 GC heap before
{Heap before GC invocations=12 (full 0):
 garbage-first heap   total 75776K, used 56206K [0x0000000700000000, 0x0000000800000000)
  region size 2048K, 16 young (32768K), 2 survivors (4096K)
 Metaspace       used 50714K, committed 51008K, reserved 1114112K
  class space    used 6310K, committed 6464K, reserved 1048576K
}
Event: 2.273 GC heap after
{Heap after GC invocations=13 (full 0):
 garbage-first heap   total 180224K, used 31428K [0x0000000700000000, 0x0000000800000000)
  region size 2048K, 2 young (4096K), 2 survivors (4096K)
 Metaspace       used 50714K, committed 51008K, reserved 1114112K
  class space    used 6310K, committed 6464K, reserved 1048576K
}
Event: 3.665 GC heap before
{Heap before GC invocations=13 (full 0):
 garbage-first heap   total 180224K, used 127684K [0x0000000700000000, 0x0000000800000000)
  region size 2048K, 49 young (100352K), 2 survivors (4096K)
 Metaspace       used 56249K, committed 56512K, reserved 1114112K
  class space    used 6790K, committed 6912K, reserved 1048576K
}
Event: 3.676 GC heap after
{Heap after GC invocations=14 (full 0):
 garbage-first heap   total 180224K, used 45580K [0x0000000700000000, 0x0000000800000000)
  region size 2048K, 7 young (14336K), 7 survivors (14336K)
 Metaspace       used 56249K, committed 56512K, reserved 1114112K
  class space    used 6790K, committed 6912K, reserved 1048576K
}
Event: 4.323 GC heap before
{Heap before GC invocations=14 (full 0):
 garbage-first heap   total 180224K, used 109068K [0x0000000700000000, 0x0000000800000000)
  region size 2048K, 38 young (77824K), 7 survivors (14336K)
 Metaspace       used 60517K, committed 60736K, reserved 1114112K
  class space    used 7184K, committed 7296K, reserved 1048576K
}
Event: 4.337 GC heap after
{Heap after GC invocations=15 (full 0):
 garbage-first heap   total 180224K, used 55933K [0x0000000700000000, 0x0000000800000000)
  region size 2048K, 4 young (8192K), 4 survivors (8192K)
 Metaspace       used 60517K, committed 60736K, reserved 1114112K
  class space    used 7184K, committed 7296K, reserved 1048576K
}

