# JRE version: OpenJDK Runtime Environment (17.0.7) (build 17.0.7+0-17.0.7b1000.6-10550314)
# Java VM: OpenJDK 64-Bit Server VM (17.0.7+0-17.0.7b1000.6-10550314, mixed mode, tiered, compressed oops, compressed class ptrs, g1 gc, bsd-aarch64)
GC Precious Log:
 CPUs: 8 total, 8 available
 Memory: 16384M
 Large Page Support: Disabled
 NUMA Support: Disabled
 Compressed Oops: Enabled (Zero based)
 Heap Region Size: 1M
 Heap Min Capacity: 8M
 Heap Initial Capacity: 256M
 Heap Max Capacity: 2G
 Pre-touch: Disabled
 Parallel Workers: 8
 Concurrent Workers: 2
 Concurrent Refinement Workers: 8
 Periodic GC: Disabled
Heap:
 garbage-first heap   total 219136K, used 131467K [0x0000000780000000, 0x0000000800000000)
  region size 1024K, 25 young (25600K), 6 survivors (6144K)
 Metaspace       used 98970K, committed 99648K, reserved 1179648K
  class space    used 14023K, committed 14336K, reserved 1048576K
GC Heap History (20 events):
Event: 3.695 GC heap before
{Heap before GC invocations=24 (full 0):
 garbage-first heap   total 164864K, used 134363K [0x0000000780000000, 0x0000000800000000)
  region size 1024K, 58 young (59392K), 8 survivors (8192K)
 Metaspace       used 83151K, committed 83776K, reserved 1179648K
  class space    used 11793K, committed 12096K, reserved 1048576K
}
Event: 3.699 GC heap after
{Heap after GC invocations=25 (full 0):
 garbage-first heap   total 164864K, used 85808K [0x0000000780000000, 0x0000000800000000)
  region size 1024K, 3 young (3072K), 3 survivors (3072K)
 Metaspace       used 83151K, committed 83776K, reserved 1179648K
  class space    used 11793K, committed 12096K, reserved 1048576K
}
Event: 3.938 GC heap before
{Heap before GC invocations=26 (full 0):
 garbage-first heap   total 164864K, used 135984K [0x0000000780000000, 0x0000000800000000)
  region size 1024K, 52 young (53248K), 3 survivors (3072K)
 Metaspace       used 87160K, committed 87808K, reserved 1179648K
  class space    used 12407K, committed 12736K, reserved 1048576K
}
Event: 3.940 GC heap after
{Heap after GC invocations=27 (full 0):
 garbage-first heap   total 164864K, used 88280K [0x0000000780000000, 0x0000000800000000)
  region size 1024K, 5 young (5120K), 5 survivors (5120K)
 Metaspace       used 87160K, committed 87808K, reserved 1179648K
  class space    used 12407K, committed 12736K, reserved 1048576K
}
Event: 3.954 GC heap before
{Heap before GC invocations=27 (full 0):
 garbage-first heap   total 164864K, used 91352K [0x0000000780000000, 0x0000000800000000)
  region size 1024K, 8 young (8192K), 5 survivors (5120K)
 Metaspace       used 87403K, committed 88064K, reserved 1179648K
  class space    used 12441K, committed 12736K, reserved 1048576K
}
Event: 3.957 GC heap after
{Heap after GC invocations=28 (full 0):
 garbage-first heap   total 164864K, used 87978K [0x0000000780000000, 0x0000000800000000)
  region size 1024K, 1 young (1024K), 1 survivors (1024K)
 Metaspace       used 87403K, committed 88064K, reserved 1179648K
  class space    used 12441K, committed 12736K, reserved 1048576K
}
Event: 4.165 GC heap before
{Heap before GC invocations=28 (full 0):
 garbage-first heap   total 164864K, used 137130K [0x0000000780000000, 0x0000000800000000)
  region size 1024K, 49 young (50176K), 1 survivors (1024K)
 Metaspace       used 92208K, committed 92864K, reserved 1179648K
  class space    used 13152K, committed 13504K, reserved 1048576K
}
Event: 4.168 GC heap after
{Heap after GC invocations=29 (full 0):
 garbage-first heap   total 164864K, used 90066K [0x0000000780000000, 0x0000000800000000)
  region size 1024K, 3 young (3072K), 3 survivors (3072K)
 Metaspace       used 92208K, committed 92864K, reserved 1179648K
  class space    used 13152K, committed 13504K, reserved 1048576K
}
Event: 4.535 GC heap before
{Heap before GC invocations=30 (full 0):
 garbage-first heap   total 164864K, used 137170K [0x0000000780000000, 0x0000000800000000)
  region size 1024K, 49 young (50176K), 3 survivors (3072K)
 Metaspace       used 94628K, committed 95296K, reserved 1179648K
  class space    used 13506K, committed 13824K, reserved 1048576K
}
Event: 4.538 GC heap after
{Heap after GC invocations=31 (full 0):
 garbage-first heap   total 164864K, used 94027K [0x0000000780000000, 0x0000000800000000)
  region size 1024K, 7 young (7168K), 7 survivors (7168K)
 Metaspace       used 94628K, committed 95296K, reserved 1179648K
  class space    used 13506K, committed 13824K, reserved 1048576K
}
Event: 4.541 GC heap before
{Heap before GC invocations=31 (full 0):
 garbage-first heap   total 164864K, used 95051K [0x0000000780000000, 0x0000000800000000)
  region size 1024K, 8 young (8192K), 7 survivors (7168K)
 Metaspace       used 94630K, committed 95296K, reserved 1179648K
  class space    used 13506K, committed 13824K, reserved 1048576K
}
Event: 4.544 GC heap after
{Heap after GC invocations=32 (full 0):
 garbage-first heap   total 164864K, used 94326K [0x0000000780000000, 0x0000000800000000)
  region size 1024K, 1 young (1024K), 1 survivors (1024K)
 Metaspace       used 94630K, committed 95296K, reserved 1179648K
  class space    used 13506K, committed 13824K, reserved 1048576K
}
Event: 4.648 GC heap before
{Heap before GC invocations=32 (full 0):
 garbage-first heap   total 164864K, used 136310K [0x0000000780000000, 0x0000000800000000)
  region size 1024K, 43 young (44032K), 1 survivors (1024K)
 Metaspace       used 94778K, committed 95424K, reserved 1179648K
  class space    used 13516K, committed 13824K, reserved 1048576K
}
Event: 4.651 GC heap after
{Heap after GC invocations=33 (full 0):
 garbage-first heap   total 198656K, used 101886K [0x0000000780000000, 0x0000000800000000)
  region size 1024K, 6 young (6144K), 6 survivors (6144K)
 Metaspace       used 94778K, committed 95424K, reserved 1179648K
  class space    used 13516K, committed 13824K, reserved 1048576K
}
Event: 4.900 GC heap before
{Heap before GC invocations=34 (full 0):
 garbage-first heap   total 198656K, used 163326K [0x0000000780000000, 0x0000000800000000)
  region size 1024K, 62 young (63488K), 6 survivors (6144K)
 Metaspace       used 98366K, committed 99072K, reserved 1179648K
  class space    used 13985K, committed 14336K, reserved 1048576K
}
Event: 4.904 GC heap after
{Heap after GC invocations=35 (full 0):
 garbage-first heap   total 198656K, used 108755K [0x0000000780000000, 0x0000000800000000)
  region size 1024K, 8 young (8192K), 8 survivors (8192K)
 Metaspace       used 98366K, committed 99072K, reserved 1179648K
  class space    used 13985K, committed 14336K, reserved 1048576K
}
Event: 4.906 GC heap before
{Heap before GC invocations=35 (full 0):
 garbage-first heap   total 198656K, used 109779K [0x0000000780000000, 0x0000000800000000)
  region size 1024K, 9 young (9216K), 8 survivors (8192K)
 Metaspace       used 98372K, committed 99072K, reserved 1179648K
  class space    used 13985K, committed 14336K, reserved 1048576K
}
Event: 4.909 GC heap after
{Heap after GC invocations=36 (full 0):
 garbage-first heap   total 198656K, used 109722K [0x0000000780000000, 0x0000000800000000)
  region size 1024K, 2 young (2048K), 2 survivors (2048K)
 Metaspace       used 98372K, committed 99072K, reserved 1179648K
  class space    used 13985K, committed 14336K, reserved 1048576K
}
Event: 5.052 GC heap before
{Heap before GC invocations=36 (full 0):
 garbage-first heap   total 198656K, used 158874K [0x0000000780000000, 0x0000000800000000)
  region size 1024K, 51 young (52224K), 2 survivors (2048K)
 Metaspace       used 98801K, committed 99456K, reserved 1179648K
  class space    used 14022K, committed 14336K, reserved 1048576K
}
Event: 5.055 GC heap after
{Heap after GC invocations=37 (full 0):
 garbage-first heap   total 198656K, used 114059K [0x0000000780000000, 0x0000000800000000)
  region size 1024K, 6 young (6144K), 6 survivors (6144K)
 Metaspace       used 98801K, committed 99456K, reserved 1179648K
  class space    used 14022K, committed 14336K, reserved 1048576K
}

